[debug] [2017-12-20T08:54:34.088Z] ----------------------------------------------------------------------
[debug] [2017-12-20T08:54:34.090Z] Command:      /home/ash/.nvm/versions/node/v9.2.0/bin/node /home/ash/Documents/brunch-map/node_modules/.bin/firebase serve
[debug] [2017-12-20T08:54:34.090Z] CLI Version:  3.9.1
[debug] [2017-12-20T08:54:34.090Z] Platform:     linux
[debug] [2017-12-20T08:54:34.090Z] Node Version: v9.2.0
[debug] [2017-12-20T08:54:34.090Z] Time:         Wed Dec 20 2017 02:54:34 GMT-0600 (CST)
[debug] [2017-12-20T08:54:34.090Z] ----------------------------------------------------------------------
[debug] 
[debug] [2017-12-20T08:54:34.099Z] > command requires scopes: ["email","openid","https://www.googleapis.com/auth/cloudplatformprojects.readonly","https://www.googleapis.com/auth/firebase","https://www.googleapis.com/auth/cloud-platform"]
[debug] [2017-12-20T08:54:34.099Z] > authorizing via signed-in user
[debug] [2017-12-20T08:54:34.101Z] >>> HTTP REQUEST GET https://admin.firebase.com/v1/projects/andrews-test  
 Wed Dec 20 2017 02:54:34 GMT-0600 (CST)
[debug] [2017-12-20T08:54:34.618Z] <<< HTTP RESPONSE 200
[debug] [2017-12-20T08:54:34.620Z] >>> HTTP REQUEST GET https://admin.firebase.com/v1/database/andrews-test/tokens  
 Wed Dec 20 2017 02:54:34 GMT-0600 (CST)
[debug] [2017-12-20T08:54:35.003Z] <<< HTTP RESPONSE 200
[info] 
[info] === Serving from '/home/ash/Documents/brunch-map'...
[info] 
[debug] [2017-12-20T08:54:35.007Z] >>> HTTP REQUEST GET https://cloudresourcemanager.googleapis.com/v1/projects/andrews-test  
 Wed Dec 20 2017 02:54:35 GMT-0600 (CST)
[debug] [2017-12-20T08:54:35.266Z] <<< HTTP RESPONSE 200
[debug] [2017-12-20T08:54:35.267Z] >>> HTTP REQUEST GET https://mobilesdk-pa.googleapis.com/v1/projects/888014073524/clients/_:getWebAppConfig  
 Wed Dec 20 2017 02:54:35 GMT-0600 (CST)
[debug] [2017-12-20T08:54:35.543Z] <<< HTTP RESPONSE 200
[warn] ⚠  hosting: Port 5000 is not available. Trying another port...
[debug] [2017-12-20T08:54:35.568Z] >>> HTTP REQUEST GET https://cloudresourcemanager.googleapis.com/v1/projects/andrews-test  
 Wed Dec 20 2017 02:54:35 GMT-0600 (CST)
[debug] [2017-12-20T08:54:35.707Z] <<< HTTP RESPONSE 200
[debug] [2017-12-20T08:54:35.707Z] >>> HTTP REQUEST GET https://mobilesdk-pa.googleapis.com/v1/projects/888014073524/clients/_:getWebAppConfig  
 Wed Dec 20 2017 02:54:35 GMT-0600 (CST)
[debug] [2017-12-20T08:54:35.925Z] <<< HTTP RESPONSE 200
[info] i  hosting: Serving hosting files from: app/dist
[info] ✔  hosting: Local server: http://localhost:5004

